[2016-01-06 12:20:33] local.ERROR: exception 'Symfony\Component\Debug\Exception\FatalErrorException' with message 'Trait 'Illuminate\Auth\Access\HandlesAuthorization' not found' in C:\Users\Robin\Documents\Schoolprojects\Project56\http\laravel\vendor\laravel\framework\src\Illuminate\Auth\Access\Gate.php:12
Stack trace:
#0 C:\Users\Robin\Documents\Schoolprojects\Project56\http\laravel\vendor\laravel\framework\src\Illuminate\Foundation\Bootstrap\HandleExceptions.php(133): Symfony\Component\Debug\Exception\FatalErrorException->__construct()
#1 C:\Users\Robin\Documents\Schoolprojects\Project56\http\laravel\vendor\laravel\framework\src\Illuminate\Foundation\Bootstrap\HandleExceptions.php(118): Illuminate\Foundation\Bootstrap\HandleExceptions->fatalExceptionFromError()
#2 C:\Users\Robin\Documents\Schoolprojects\Project56\http\laravel\vendor\laravel\framework\src\Illuminate\Foundation\Bootstrap\HandleExceptions.php(0): Illuminate\Foundation\Bootstrap\HandleExceptions->handleShutdown()
#3 C:\Users\Robin\Documents\Schoolprojects\Project56\http\laravel\vendor\composer\ClassLoader.php(412): ()
#4 C:\Users\Robin\Documents\Schoolprojects\Project56\http\laravel\vendor\composer\ClassLoader.php(301): Composer\Autoload\includeFile()
#5 C:\Users\Robin\Documents\Schoolprojects\Project56\http\laravel\vendor\laravel\framework\src\Illuminate\Container\Container.php(0): Composer\Autoload\ClassLoader->loadClass()
#6 C:\Users\Robin\Documents\Schoolprojects\Project56\http\laravel\vendor\laravel\framework\src\Illuminate\Container\Container.php(69): spl_autoload_call()
#7 C:\Users\Robin\Documents\Schoolprojects\Project56\http\laravel\vendor\laravel\framework\src\Illuminate\Container\Container.php(734): Illuminate\Auth\AuthServiceProvider->Illuminate\Auth\{closure}()
#8 C:\Users\Robin\Documents\Schoolprojects\Project56\http\laravel\vendor\laravel\framework\src\Illuminate\Container\Container.php(627): Illuminate\Container\Container->build()
#9 C:\Users\Robin\Documents\Schoolprojects\Project56\http\laravel\vendor\laravel\framework\src\Illuminate\Foundation\Application.php(674): Illuminate\Container\Container->make()
#10 C:\Users\Robin\Documents\Schoolprojects\Project56\http\laravel\vendor\laravel\framework\src\Illuminate\Container\Container.php(573): Illuminate\Foundation\Application->make()
#11 C:\Users\Robin\Documents\Schoolprojects\Project56\http\laravel\vendor\laravel\framework\src\Illuminate\Container\Container.php(533): Illuminate\Container\Container->addDependencyForCallParameter()
#12 C:\Users\Robin\Documents\Schoolprojects\Project56\http\laravel\vendor\laravel\framework\src\Illuminate\Container\Container.php(501): Illuminate\Container\Container->getMethodDependencies()
#13 C:\Users\Robin\Documents\Schoolprojects\Project56\http\laravel\vendor\laravel\framework\src\Illuminate\Foundation\Application.php(734): Illuminate\Container\Container->call()
#14 C:\Users\Robin\Documents\Schoolprojects\Project56\http\laravel\vendor\laravel\framework\src\Illuminate\Foundation\Application.php(717): Illuminate\Foundation\Application->bootProvider()
#15 C:\Users\Robin\Documents\Schoolprojects\Project56\http\laravel\vendor\laravel\framework\src\Illuminate\Foundation\Application.php(718): Illuminate\Foundation\Application->Illuminate\Foundation\{closure}()
#16 C:\Users\Robin\Documents\Schoolprojects\Project56\http\laravel\vendor\laravel\framework\src\Illuminate\Foundation\Application.php(718): array_walk()
#17 C:\Users\Robin\Documents\Schoolprojects\Project56\http\laravel\vendor\laravel\framework\src\Illuminate\Foundation\Bootstrap\BootProviders.php(17): Illuminate\Foundation\Application->boot()
#18 C:\Users\Robin\Documents\Schoolprojects\Project56\http\laravel\vendor\laravel\framework\src\Illuminate\Foundation\Application.php(203): Illuminate\Foundation\Bootstrap\BootProviders->bootstrap()
#19 C:\Users\Robin\Documents\Schoolprojects\Project56\http\laravel\vendor\laravel\framework\src\Illuminate\Foundation\Console\Kernel.php(208): Illuminate\Foundation\Application->bootstrapWith()
#20 C:\Users\Robin\Documents\Schoolprojects\Project56\http\laravel\vendor\laravel\framework\src\Illuminate\Foundation\Console\Kernel.php(105): Illuminate\Foundation\Console\Kernel->bootstrap()
#21 C:\Users\Robin\Documents\Schoolprojects\Project56\http\laravel\artisan(36): Illuminate\Foundation\Console\Kernel->handle()
#22 C:\Users\Robin\Documents\Schoolprojects\Project56\http\laravel\artisan(0): {main}()
#23 {main}  
