2015-09-22 08:53:59 ERROR  : ERROR:  role "Robin Bakker" does not exist
2015-10-03 16:56:03 ERROR  : ERROR:  syntax error at or near "01234"
LINE 4:     VALUES (RobbieBakkie, 25, Robin, Bakker, NL47 01234 567 ...
                                                          ^
2015-10-03 16:56:19 ERROR  : ERROR:  syntax error at or near "Rob4141"
LINE 5:             14-08-2015, 3, 18Rob4141, False);
                                     ^
2015-10-03 16:59:35 ERROR  : ERROR:  syntax error at or near "Rob4141"
LINE 5:             14-08-2015, 3, False, 18Rob4141);
                                            ^
2015-10-03 17:00:24 ERROR  : ERROR:  column "RobbieBakkie" does not exist
LINE 4:     VALUES ("RobbieBakkie", 25, "Robin", "Bakker", "NL470123...
                    ^
2015-10-03 17:01:24 ERROR  : ERROR:  column "robbiebakkie" does not exist
LINE 4:     VALUES (RobbieBakkie, 25, "Robin", "Bakker", "NL47012345...
                    ^
2015-10-03 23:06:59 ERROR  : ERROR:  column "RobbieBakkie" does not exist
LINE 4:     VALUES ("RobbieBakkie", 25, "Robin", "Bakker", "NL470123...
                    ^
2015-10-05 12:00:30 ERROR  : ERROR:  column "RobbieBakkie" does not exist
LINE 4:     VALUES ("RobbieBakkie", 25, "Robin", "Bakker", "NL470123...
                    ^
2015-10-05 12:02:00 ERROR  : ERROR:  syntax error at or near ";"
LINE 5:             14-08-2015, 3, False, ; '18Rob4141');
                                          ^
2015-10-05 12:02:06 ERROR  : ERROR:  column "last_payment" is of type date but expression is of type integer
LINE 5:             14-08-2015, 3, False, '18Rob4141');
                    ^
HINT:  You will need to rewrite or cast the expression.
2015-10-05 12:04:27 ERROR  : ERROR:  column "aug" does not exist
LINE 5:             14-Aug-2015, 3, False, '18Rob4141');
                       ^
2015-10-05 12:04:57 ERROR  : ERROR:  column "last_payment" is of type date but expression is of type integer
LINE 5:             2015-08-14, 3, False, '18Rob4141');
                    ^
HINT:  You will need to rewrite or cast the expression.
2015-10-07 11:34:24 ERROR  : ERROR:  column "robbiebakkie" does not exist
LINE 3:   WHERE user_name = RobbieBakkie;
                            ^
2015-10-07 12:53:53 ERROR  : ERROR:  syntax error at or near ":"
LINE 3:   WHERE user_name : 'RobbieBakkie' AND password = '18Rob4141...
                          ^
